🔹 Останавливаем старые процессы...
🔹 Запускаем ботов...
✅ Запуск FDT_BOT...
✅ Запуск panictab_bot...
✅ Запуск NET_panic_bot...
✅ Запуск price_bot...
✅ Все боты запущены. Логи: /Users/vladimirkopylov/bots/*.log
🔹 Останавливаем старые процессы...
./start_all_bots.sh: line 38: 87391 Terminated: 15          nohup bash -c "while true; do python3 $BOT_PATH; echo '⚠️ $BOT_NAME упал, перезапуск через 5 секунд...'; sleep 5; done" > "$LOG_FILE" 2>&1
./start_all_bots.sh: line 38: 87394 Terminated: 15          nohup bash -c "while true; do python3 $BOT_PATH; echo '⚠️ $BOT_NAME упал, перезапуск через 5 секунд...'; sleep 5; done" > "$LOG_FILE" 2>&1
🔹 Запускаем ботов...
./start_all_bots.sh: line 39: 87393 Terminated: 15          nohup bash -c "while true; do python3 $BOT_PATH; echo '⚠️ $BOT_NAME упал, перезапуск через 5 секунд...'; sleep 5; done" > "$LOG_FILE" 2>&1
✅ Запуск FDT_BOT...
✅ Запуск panictab_bot...
✅ Запуск NET_panic_bot...
✅ Запуск price_bot...
./start_all_bots.sh: line 51: 87392 Terminated: 15          nohup bash -c "while true; do python3 $BOT_PATH; echo '⚠️ $BOT_NAME упал, перезапуск через 5 секунд...'; sleep 5; done" > "$LOG_FILE" 2>&1
✅ Все боты запущены. Логи: /Users/vladimirkopylov/bots/*.log
./start_all_bots.sh: line 57: declare: -A: invalid option
declare: usage: declare [-afFirtx] [-p] [name[=value] ...]
🔹 Останавливаем старые процессы...
./start_all_bots.sh: line 64: 87400 Terminated: 15          nohup bash -c "while true; do python3 $BOT_PATH; echo '⚠️ $BOT_NAME упал, перезапуск через 5 секунд...'; sleep 5; done" > "$LOG_FILE" 2>&1
./start_all_bots.sh: line 64: 87401 Terminated: 15          nohup bash -c "while true; do python3 $BOT_PATH; echo '⚠️ $BOT_NAME упал, перезапуск через 5 секунд...'; sleep 5; done" > "$LOG_FILE" 2>&1
./start_all_bots.sh: line 64: 87402 Terminated: 15          nohup bash -c "while true; do python3 $BOT_PATH; echo '⚠️ $BOT_NAME упал, перезапуск через 5 секунд...'; sleep 5; done" > "$LOG_FILE" 2>&1
🔹 Запускаем ботов...
✅ Запуск 0...
./start_all_bots.sh: line 78: 87403 Terminated: 15          nohup bash -c "while true; do python3 $BOT_PATH; echo '⚠️ $BOT_NAME упал, перезапуск через 5 секунд...'; sleep 5; done" > "$LOG_FILE" 2>&1
✅ Все боты запущены. Логи: /Users/vladimirkopylov/bots/*.log
./start_all_bots.sh: line 82: declare: -A: invalid option
declare: usage: declare [-afFirtx] [-p] [name[=value] ...]
🔹 Останавливаем старые процессы...
./start_all_bots.sh: line 88: 87409 Terminated: 15          nohup bash -c "while true; do python3 $BOT_PATH; echo '⚠️ $BOT_NAME упал, перезапуск через 5 секунд...'; sleep 5; done" > "$LOG_FILE" 2>&1
🔹 Запускаем ботов...
⚠️ Файл $BOT_PATH не найден!
✅ Все боты запущены. Логи: /Users/vladimirkopylov/bots/*.log
./start_all_bots.sh: line 104: declare: -A: invalid option
declare: usage: declare [-afFirtx] [-p] [name[=value] ...]
🔹 Останавливаем старые процессы...
🔹 Запускаем ботов...
✅ Запуск 0...
✅ Все боты запущены. Логи: /Users/vladimirkopylov/bots/*.log
